<?xml version="1.0" encoding="UTF-8"?>
<!-- Generated by org.testng.reporters.JUnitXMLReporter -->
<testsuite hostname="DESKTOP-0KBR3DP" ignored="0" name="Tests" tests="14" failures="5" timestamp="2021-07-13T16:03:35 IST" time="706.715" errors="0">
  <testcase name="testAutomationSetUp" time="34.121" classname="tests.demo.TestDemo"/>
  <testcase name="testTestNGSetUp" time="31.153" classname="tests.demo.TestDemo"/>
  <testcase name="testEmailSubscription" time="56.106" classname="tests.home.TestHomePage"/>
  <testcase name="testHomePageCategoryLinks" time="69.695" classname="tests.home.TestHomePage"/>
  <testcase name="testHomePageInformationLinks" time="85.351" classname="tests.home.TestHomePage"/>
  <testcase name="testLogInAuthenticatedUser" time="30.308" classname="tests.home.TestHomePage"/>
  <testcase name="testRegisterUserByUniqueEmailId" time="32.917" classname="tests.home.TestHomePage">
    <failure type="java.lang.AssertionError" message="expected [true] but found [false]">
      <![CDATA[java.lang.AssertionError: expected [true] but found [false]
at utils.AssertUtil.assertTrue(AssertUtil.java:10)
at tests.home.TestHomePage.testRegisterUserByUniqueEmailId(TestHomePage.java:63)
at java.util.ArrayList.forEach(Unknown Source)
... Removed 30 stack frames]]>
    </failure>
  </testcase> <!-- testRegisterUserByUniqueEmailId -->
  <testcase name="testSearchProductsFromHomePage" time="46.719" classname="tests.home.TestHomePage">
    <failure type="java.lang.AssertionError" message="expected [true] but found [false]">
      <![CDATA[java.lang.AssertionError: expected [true] but found [false]
at utils.AssertUtil.assertTrue(AssertUtil.java:10)
at tests.home.TestHomePage.testSearchProductsFromHomePage(TestHomePage.java:288)
at java.util.ArrayList.forEach(Unknown Source)
... Removed 30 stack frames]]>
    </failure>
  </testcase> <!-- testSearchProductsFromHomePage -->
  <testcase name="testUserProfileNavigationLinks" time="36.789" classname="tests.home.TestHomePage">
    <failure type="java.lang.AssertionError" message="expected [true] but found [false]">
      <![CDATA[java.lang.AssertionError: expected [true] but found [false]
at utils.AssertUtil.assertTrue(AssertUtil.java:10)
at tests.home.TestHomePage.testUserProfileNavigationLinks(TestHomePage.java:163)
at java.util.ArrayList.forEach(Unknown Source)
... Removed 30 stack frames]]>
    </failure>
  </testcase> <!-- testUserProfileNavigationLinks -->
  <testcase name="testAddProductToCart" time="50.567" classname="tests.shopping.TestProductShopping"/>
  <testcase name="testAddProductToCompare" time="71.867" classname="tests.shopping.TestProductShopping"/>
  <testcase name="testAddProductToWishList" time="38.201" classname="tests.shopping.TestProductShopping">
    <failure type="java.lang.AssertionError" message="expected [true] but found [false]">
      <![CDATA[java.lang.AssertionError: expected [true] but found [false]
at utils.AssertUtil.assertTrue(AssertUtil.java:10)
at tests.shopping.TestProductShopping.testAddProductToWishList(TestProductShopping.java:45)
at java.util.ArrayList.forEach(Unknown Source)
... Removed 30 stack frames]]>
    </failure>
  </testcase> <!-- testAddProductToWishList -->
  <testcase name="testProductDetailsMoreInformationAndReviews" time="66.176" classname="tests.shopping.TestProductShopping"/>
  <testcase name="testSecureCheckOutForProducts" time="56.643" classname="tests.shopping.TestShoppingCart">
    <failure type="java.lang.AssertionError" message="expected [true] but found [false]">
      <![CDATA[java.lang.AssertionError: expected [true] but found [false]
at utils.AssertUtil.assertTrue(AssertUtil.java:10)
at tests.shopping.TestShoppingCart.testSecureCheckOutForProducts(TestShoppingCart.java:26)
at java.util.ArrayList.forEach(Unknown Source)
... Removed 30 stack frames]]>
    </failure>
  </testcase> <!-- testSecureCheckOutForProducts -->
</testsuite> <!-- Tests -->
