<html>
<head>
<title>TestNG:  Tests</title>
<link href="../testng.css" rel="stylesheet" type="text/css" />
<link href="../my-testng.css" rel="stylesheet" type="text/css" />

<style type="text/css">
.log { display: none;} 
.stack-trace { display: none;} 
</style>
<script type="text/javascript">
<!--
function flip(e) {
  current = e.style.display;
  if (current == 'block') {
    e.style.display = 'none';
    return 0;
  }
  else {
    e.style.display = 'block';
    return 1;
  }
}

function toggleBox(szDivId, elem, msg1, msg2)
{
  var res = -1;  if (document.getElementById) {
    res = flip(document.getElementById(szDivId));
  }
  else if (document.all) {
    // this is the way old msie versions work
    res = flip(document.all[szDivId]);
  }
  if(elem) {
    if(res == 0) elem.innerHTML = msg1; else elem.innerHTML = msg2;
  }

}

function toggleAllBoxes() {
  if (document.getElementsByTagName) {
    d = document.getElementsByTagName('div');
    for (i = 0; i < d.length; i++) {
      if (d[i].className == 'log') {
        flip(d[i]);
      }
    }
  }
}

// -->
</script>

</head>
<body>
<h2 align='center'>Tests</h2><table border='1' align="center">
<tr>
<td>Tests passed/Failed/Skipped:</td><td>9/5/0</td>
</tr><tr>
<td>Started on:</td><td>Tue Jul 13 15:51:48 IST 2021</td>
</tr>
<tr><td>Total time:</td><td>706 seconds (706715 ms)</td>
</tr><tr>
<td>Included groups:</td><td></td>
</tr><tr>
<td>Excluded groups:</td><td></td>
</tr>
</table><p/>
<small><i>(Hover the method name to see the test class name)</i></small><p/>
<table width='100%' border='1' class='invocation-failed'>
<tr><td colspan='4' align='center'><b>FAILED TESTS</b></td></tr>
<tr><td><b>Test method</b></td>
<td width="30%"><b>Exception</b></td>
<td width="10%"><b>Time (seconds)</b></td>
<td><b>Instance</b></td>
</tr>
<tr>
<td title='tests.home.TestHomePage.testSearchProductsFromHomePage()'><b>testSearchProductsFromHomePage</b><br>Test class: tests.home.TestHomePage<br/>
<a href="#Output-1249547869" onClick='toggleBox("Output-1249547869", this, "Show output", "Hide output");'>Show output</a>

<a href="#Output-1249547869" onClick="toggleAllBoxes();">Show all outputs</a>
<div class='log' id="Output-1249547869">
STEP - Navigate to Magento Website Home Page.<br/>
STEP - Opening Chrome Browser Successfully...<br/>
Verified - Default Welcome Message is Displayed.<br/>
</div>
</td>
<td><div><pre>java.lang.AssertionError: expected [true] but found [false]
	at utils.AssertUtil.assertTrue(AssertUtil.java:10)
	at tests.home.TestHomePage.testSearchProductsFromHomePage(TestHomePage.java:288)
	at java.util.ArrayList.forEach(Unknown Source)
... Removed 30 stack frames</pre></div><a href='#' onClick='toggleBox("stack-trace1249547869", this, "Click to show all stack frames", "Click to hide stack frames")'>Click to show all stack frames</a>
<div class='stack-trace' id='stack-trace1249547869'><pre>java.lang.AssertionError: expected [true] but found [false]
	at org.testng.Assert.fail(Assert.java:99)
	at org.testng.Assert.failNotEquals(Assert.java:1037)
	at org.testng.Assert.assertTrue(Assert.java:45)
	at utils.AssertUtil.assertTrue(AssertUtil.java:10)
	at tests.home.TestHomePage.testSearchProductsFromHomePage(TestHomePage.java:288)
	at sun.reflect.NativeMethodAccessorImpl.invoke0(Native Method)
	at sun.reflect.NativeMethodAccessorImpl.invoke(Unknown Source)
	at sun.reflect.DelegatingMethodAccessorImpl.invoke(Unknown Source)
	at java.lang.reflect.Method.invoke(Unknown Source)
	at org.testng.internal.MethodInvocationHelper.invokeMethod(MethodInvocationHelper.java:133)
	at org.testng.internal.TestInvoker.invokeMethod(TestInvoker.java:598)
	at org.testng.internal.TestInvoker.invokeTestMethod(TestInvoker.java:173)
	at org.testng.internal.MethodRunner.runInSequence(MethodRunner.java:46)
	at org.testng.internal.TestInvoker$MethodInvocationAgent.invoke(TestInvoker.java:824)
	at org.testng.internal.TestInvoker.invokeTestMethods(TestInvoker.java:146)
	at org.testng.internal.TestMethodWorker.invokeTestMethods(TestMethodWorker.java:146)
	at org.testng.internal.TestMethodWorker.run(TestMethodWorker.java:128)
	at java.util.ArrayList.forEach(Unknown Source)
	at org.testng.TestRunner.privateRun(TestRunner.java:794)
	at org.testng.TestRunner.run(TestRunner.java:596)
	at org.testng.SuiteRunner.runTest(SuiteRunner.java:377)
	at org.testng.SuiteRunner.runSequentially(SuiteRunner.java:371)
	at org.testng.SuiteRunner.privateRun(SuiteRunner.java:332)
	at org.testng.SuiteRunner.run(SuiteRunner.java:276)
	at org.testng.SuiteRunnerWorker.runSuite(SuiteRunnerWorker.java:53)
	at org.testng.SuiteRunnerWorker.run(SuiteRunnerWorker.java:96)
	at org.testng.TestNG.runSuitesSequentially(TestNG.java:1212)
	at org.testng.TestNG.runSuitesLocally(TestNG.java:1134)
	at org.testng.TestNG.runSuites(TestNG.java:1063)
	at org.testng.TestNG.run(TestNG.java:1031)
	at org.testng.remote.AbstractRemoteTestNG.run(AbstractRemoteTestNG.java:115)
	at org.testng.remote.RemoteTestNG.initAndRun(RemoteTestNG.java:251)
	at org.testng.remote.RemoteTestNG.main(RemoteTestNG.java:77)
</pre></div></td>
<td>46</td>
<td>tests.home.TestHomePage@3aeaafa6</td></tr>
<tr>
<td title='tests.home.TestHomePage.testUserProfileNavigationLinks()'><b>testUserProfileNavigationLinks</b><br>Test class: tests.home.TestHomePage<br/>
<a href="#Output-938279178" onClick='toggleBox("Output-938279178", this, "Show output", "Hide output");'>Show output</a>

<a href="#Output-938279178" onClick="toggleAllBoxes();">Show all outputs</a>
<div class='log' id="Output-938279178">
STEP - Navigate to Magento Website Home Page.<br/>
STEP - Opening Chrome Browser Successfully...<br/>
Verified - Default Welcome Message is Displayed.<br/>
</div>
</td>
<td><div><pre>java.lang.AssertionError: expected [true] but found [false]
	at utils.AssertUtil.assertTrue(AssertUtil.java:10)
	at tests.home.TestHomePage.testUserProfileNavigationLinks(TestHomePage.java:163)
	at java.util.ArrayList.forEach(Unknown Source)
... Removed 30 stack frames</pre></div><a href='#' onClick='toggleBox("stack-trace938279178", this, "Click to show all stack frames", "Click to hide stack frames")'>Click to show all stack frames</a>
<div class='stack-trace' id='stack-trace938279178'><pre>java.lang.AssertionError: expected [true] but found [false]
	at org.testng.Assert.fail(Assert.java:99)
	at org.testng.Assert.failNotEquals(Assert.java:1037)
	at org.testng.Assert.assertTrue(Assert.java:45)
	at utils.AssertUtil.assertTrue(AssertUtil.java:10)
	at tests.home.TestHomePage.testUserProfileNavigationLinks(TestHomePage.java:163)
	at sun.reflect.NativeMethodAccessorImpl.invoke0(Native Method)
	at sun.reflect.NativeMethodAccessorImpl.invoke(Unknown Source)
	at sun.reflect.DelegatingMethodAccessorImpl.invoke(Unknown Source)
	at java.lang.reflect.Method.invoke(Unknown Source)
	at org.testng.internal.MethodInvocationHelper.invokeMethod(MethodInvocationHelper.java:133)
	at org.testng.internal.TestInvoker.invokeMethod(TestInvoker.java:598)
	at org.testng.internal.TestInvoker.invokeTestMethod(TestInvoker.java:173)
	at org.testng.internal.MethodRunner.runInSequence(MethodRunner.java:46)
	at org.testng.internal.TestInvoker$MethodInvocationAgent.invoke(TestInvoker.java:824)
	at org.testng.internal.TestInvoker.invokeTestMethods(TestInvoker.java:146)
	at org.testng.internal.TestMethodWorker.invokeTestMethods(TestMethodWorker.java:146)
	at org.testng.internal.TestMethodWorker.run(TestMethodWorker.java:128)
	at java.util.ArrayList.forEach(Unknown Source)
	at org.testng.TestRunner.privateRun(TestRunner.java:794)
	at org.testng.TestRunner.run(TestRunner.java:596)
	at org.testng.SuiteRunner.runTest(SuiteRunner.java:377)
	at org.testng.SuiteRunner.runSequentially(SuiteRunner.java:371)
	at org.testng.SuiteRunner.privateRun(SuiteRunner.java:332)
	at org.testng.SuiteRunner.run(SuiteRunner.java:276)
	at org.testng.SuiteRunnerWorker.runSuite(SuiteRunnerWorker.java:53)
	at org.testng.SuiteRunnerWorker.run(SuiteRunnerWorker.java:96)
	at org.testng.TestNG.runSuitesSequentially(TestNG.java:1212)
	at org.testng.TestNG.runSuitesLocally(TestNG.java:1134)
	at org.testng.TestNG.runSuites(TestNG.java:1063)
	at org.testng.TestNG.run(TestNG.java:1031)
	at org.testng.remote.AbstractRemoteTestNG.run(AbstractRemoteTestNG.java:115)
	at org.testng.remote.RemoteTestNG.initAndRun(RemoteTestNG.java:251)
	at org.testng.remote.RemoteTestNG.main(RemoteTestNG.java:77)
</pre></div></td>
<td>36</td>
<td>tests.home.TestHomePage@3aeaafa6</td></tr>
<tr>
<td title='tests.shopping.TestProductShopping.testAddProductToWishList()'><b>testAddProductToWishList</b><br>Test class: tests.shopping.TestProductShopping<br/>
<a href="#Output-1136612247" onClick='toggleBox("Output-1136612247", this, "Show output", "Hide output");'>Show output</a>

<a href="#Output-1136612247" onClick="toggleAllBoxes();">Show all outputs</a>
<div class='log' id="Output-1136612247">
STEP - Navigate to Magento Website Home Page.<br/>
STEP - Opening Chrome Browser Successfully...<br/>
Verified - Default Welcome Message is Displayed.<br/>
</div>
</td>
<td><div><pre>java.lang.AssertionError: expected [true] but found [false]
	at utils.AssertUtil.assertTrue(AssertUtil.java:10)
	at tests.shopping.TestProductShopping.testAddProductToWishList(TestProductShopping.java:45)
	at java.util.ArrayList.forEach(Unknown Source)
... Removed 30 stack frames</pre></div><a href='#' onClick='toggleBox("stack-trace1136612247", this, "Click to show all stack frames", "Click to hide stack frames")'>Click to show all stack frames</a>
<div class='stack-trace' id='stack-trace1136612247'><pre>java.lang.AssertionError: expected [true] but found [false]
	at org.testng.Assert.fail(Assert.java:99)
	at org.testng.Assert.failNotEquals(Assert.java:1037)
	at org.testng.Assert.assertTrue(Assert.java:45)
	at utils.AssertUtil.assertTrue(AssertUtil.java:10)
	at tests.shopping.TestProductShopping.testAddProductToWishList(TestProductShopping.java:45)
	at sun.reflect.NativeMethodAccessorImpl.invoke0(Native Method)
	at sun.reflect.NativeMethodAccessorImpl.invoke(Unknown Source)
	at sun.reflect.DelegatingMethodAccessorImpl.invoke(Unknown Source)
	at java.lang.reflect.Method.invoke(Unknown Source)
	at org.testng.internal.MethodInvocationHelper.invokeMethod(MethodInvocationHelper.java:133)
	at org.testng.internal.TestInvoker.invokeMethod(TestInvoker.java:598)
	at org.testng.internal.TestInvoker.invokeTestMethod(TestInvoker.java:173)
	at org.testng.internal.MethodRunner.runInSequence(MethodRunner.java:46)
	at org.testng.internal.TestInvoker$MethodInvocationAgent.invoke(TestInvoker.java:824)
	at org.testng.internal.TestInvoker.invokeTestMethods(TestInvoker.java:146)
	at org.testng.internal.TestMethodWorker.invokeTestMethods(TestMethodWorker.java:146)
	at org.testng.internal.TestMethodWorker.run(TestMethodWorker.java:128)
	at java.util.ArrayList.forEach(Unknown Source)
	at org.testng.TestRunner.privateRun(TestRunner.java:794)
	at org.testng.TestRunner.run(TestRunner.java:596)
	at org.testng.SuiteRunner.runTest(SuiteRunner.java:377)
	at org.testng.SuiteRunner.runSequentially(SuiteRunner.java:371)
	at org.testng.SuiteRunner.privateRun(SuiteRunner.java:332)
	at org.testng.SuiteRunner.run(SuiteRunner.java:276)
	at org.testng.SuiteRunnerWorker.runSuite(SuiteRunnerWorker.java:53)
	at org.testng.SuiteRunnerWorker.run(SuiteRunnerWorker.java:96)
	at org.testng.TestNG.runSuitesSequentially(TestNG.java:1212)
	at org.testng.TestNG.runSuitesLocally(TestNG.java:1134)
	at org.testng.TestNG.runSuites(TestNG.java:1063)
	at org.testng.TestNG.run(TestNG.java:1031)
	at org.testng.remote.AbstractRemoteTestNG.run(AbstractRemoteTestNG.java:115)
	at org.testng.remote.RemoteTestNG.initAndRun(RemoteTestNG.java:251)
	at org.testng.remote.RemoteTestNG.main(RemoteTestNG.java:77)
</pre></div></td>
<td>38</td>
<td>tests.shopping.TestProductShopping@76a3e297</td></tr>
<tr>
<td title='tests.shopping.TestShoppingCart.testSecureCheckOutForProducts()'><b>testSecureCheckOutForProducts</b><br>Test class: tests.shopping.TestShoppingCart<br/>
<a href="#Output-1659969211" onClick='toggleBox("Output-1659969211", this, "Show output", "Hide output");'>Show output</a>

<a href="#Output-1659969211" onClick="toggleAllBoxes();">Show all outputs</a>
<div class='log' id="Output-1659969211">
STEP - Navigate to Magento Website Home Page.<br/>
STEP - Opening Chrome Browser Successfully...<br/>
Verified - Default Welcome Message is Displayed.<br/>
</div>
</td>
<td><div><pre>java.lang.AssertionError: expected [true] but found [false]
	at utils.AssertUtil.assertTrue(AssertUtil.java:10)
	at tests.shopping.TestShoppingCart.testSecureCheckOutForProducts(TestShoppingCart.java:26)
	at java.util.ArrayList.forEach(Unknown Source)
... Removed 30 stack frames</pre></div><a href='#' onClick='toggleBox("stack-trace1659969211", this, "Click to show all stack frames", "Click to hide stack frames")'>Click to show all stack frames</a>
<div class='stack-trace' id='stack-trace1659969211'><pre>java.lang.AssertionError: expected [true] but found [false]
	at org.testng.Assert.fail(Assert.java:99)
	at org.testng.Assert.failNotEquals(Assert.java:1037)
	at org.testng.Assert.assertTrue(Assert.java:45)
	at utils.AssertUtil.assertTrue(AssertUtil.java:10)
	at tests.shopping.TestShoppingCart.testSecureCheckOutForProducts(TestShoppingCart.java:26)
	at sun.reflect.NativeMethodAccessorImpl.invoke0(Native Method)
	at sun.reflect.NativeMethodAccessorImpl.invoke(Unknown Source)
	at sun.reflect.DelegatingMethodAccessorImpl.invoke(Unknown Source)
	at java.lang.reflect.Method.invoke(Unknown Source)
	at org.testng.internal.MethodInvocationHelper.invokeMethod(MethodInvocationHelper.java:133)
	at org.testng.internal.TestInvoker.invokeMethod(TestInvoker.java:598)
	at org.testng.internal.TestInvoker.invokeTestMethod(TestInvoker.java:173)
	at org.testng.internal.MethodRunner.runInSequence(MethodRunner.java:46)
	at org.testng.internal.TestInvoker$MethodInvocationAgent.invoke(TestInvoker.java:824)
	at org.testng.internal.TestInvoker.invokeTestMethods(TestInvoker.java:146)
	at org.testng.internal.TestMethodWorker.invokeTestMethods(TestMethodWorker.java:146)
	at org.testng.internal.TestMethodWorker.run(TestMethodWorker.java:128)
	at java.util.ArrayList.forEach(Unknown Source)
	at org.testng.TestRunner.privateRun(TestRunner.java:794)
	at org.testng.TestRunner.run(TestRunner.java:596)
	at org.testng.SuiteRunner.runTest(SuiteRunner.java:377)
	at org.testng.SuiteRunner.runSequentially(SuiteRunner.java:371)
	at org.testng.SuiteRunner.privateRun(SuiteRunner.java:332)
	at org.testng.SuiteRunner.run(SuiteRunner.java:276)
	at org.testng.SuiteRunnerWorker.runSuite(SuiteRunnerWorker.java:53)
	at org.testng.SuiteRunnerWorker.run(SuiteRunnerWorker.java:96)
	at org.testng.TestNG.runSuitesSequentially(TestNG.java:1212)
	at org.testng.TestNG.runSuitesLocally(TestNG.java:1134)
	at org.testng.TestNG.runSuites(TestNG.java:1063)
	at org.testng.TestNG.run(TestNG.java:1031)
	at org.testng.remote.AbstractRemoteTestNG.run(AbstractRemoteTestNG.java:115)
	at org.testng.remote.RemoteTestNG.initAndRun(RemoteTestNG.java:251)
	at org.testng.remote.RemoteTestNG.main(RemoteTestNG.java:77)
</pre></div></td>
<td>56</td>
<td>tests.shopping.TestShoppingCart@4d3167f4</td></tr>
<tr>
<td title='tests.home.TestHomePage.testRegisterUserByUniqueEmailId()'><b>testRegisterUserByUniqueEmailId</b><br>Test class: tests.home.TestHomePage<br/>
<a href="#Output-197195067" onClick='toggleBox("Output-197195067", this, "Show output", "Hide output");'>Show output</a>

<a href="#Output-197195067" onClick="toggleAllBoxes();">Show all outputs</a>
<div class='log' id="Output-197195067">
STEP - Navigate to Magento Website Home Page.<br/>
STEP - Opening Chrome Browser Successfully...<br/>
Verified - Default Welcome Message is Displayed<br/>
</div>
</td>
<td><div><pre>java.lang.AssertionError: expected [true] but found [false]
	at utils.AssertUtil.assertTrue(AssertUtil.java:10)
	at tests.home.TestHomePage.testRegisterUserByUniqueEmailId(TestHomePage.java:63)
	at java.util.ArrayList.forEach(Unknown Source)
... Removed 30 stack frames</pre></div><a href='#' onClick='toggleBox("stack-trace197195067", this, "Click to show all stack frames", "Click to hide stack frames")'>Click to show all stack frames</a>
<div class='stack-trace' id='stack-trace197195067'><pre>java.lang.AssertionError: expected [true] but found [false]
	at org.testng.Assert.fail(Assert.java:99)
	at org.testng.Assert.failNotEquals(Assert.java:1037)
	at org.testng.Assert.assertTrue(Assert.java:45)
	at utils.AssertUtil.assertTrue(AssertUtil.java:10)
	at tests.home.TestHomePage.testRegisterUserByUniqueEmailId(TestHomePage.java:63)
	at sun.reflect.NativeMethodAccessorImpl.invoke0(Native Method)
	at sun.reflect.NativeMethodAccessorImpl.invoke(Unknown Source)
	at sun.reflect.DelegatingMethodAccessorImpl.invoke(Unknown Source)
	at java.lang.reflect.Method.invoke(Unknown Source)
	at org.testng.internal.MethodInvocationHelper.invokeMethod(MethodInvocationHelper.java:133)
	at org.testng.internal.TestInvoker.invokeMethod(TestInvoker.java:598)
	at org.testng.internal.TestInvoker.invokeTestMethod(TestInvoker.java:173)
	at org.testng.internal.MethodRunner.runInSequence(MethodRunner.java:46)
	at org.testng.internal.TestInvoker$MethodInvocationAgent.invoke(TestInvoker.java:824)
	at org.testng.internal.TestInvoker.invokeTestMethods(TestInvoker.java:146)
	at org.testng.internal.TestMethodWorker.invokeTestMethods(TestMethodWorker.java:146)
	at org.testng.internal.TestMethodWorker.run(TestMethodWorker.java:128)
	at java.util.ArrayList.forEach(Unknown Source)
	at org.testng.TestRunner.privateRun(TestRunner.java:794)
	at org.testng.TestRunner.run(TestRunner.java:596)
	at org.testng.SuiteRunner.runTest(SuiteRunner.java:377)
	at org.testng.SuiteRunner.runSequentially(SuiteRunner.java:371)
	at org.testng.SuiteRunner.privateRun(SuiteRunner.java:332)
	at org.testng.SuiteRunner.run(SuiteRunner.java:276)
	at org.testng.SuiteRunnerWorker.runSuite(SuiteRunnerWorker.java:53)
	at org.testng.SuiteRunnerWorker.run(SuiteRunnerWorker.java:96)
	at org.testng.TestNG.runSuitesSequentially(TestNG.java:1212)
	at org.testng.TestNG.runSuitesLocally(TestNG.java:1134)
	at org.testng.TestNG.runSuites(TestNG.java:1063)
	at org.testng.TestNG.run(TestNG.java:1031)
	at org.testng.remote.AbstractRemoteTestNG.run(AbstractRemoteTestNG.java:115)
	at org.testng.remote.RemoteTestNG.initAndRun(RemoteTestNG.java:251)
	at org.testng.remote.RemoteTestNG.main(RemoteTestNG.java:77)
</pre></div></td>
<td>32</td>
<td>tests.home.TestHomePage@3aeaafa6</td></tr>
</table><p>
<table width='100%' border='1' class='invocation-passed'>
<tr><td colspan='4' align='center'><b>PASSED TESTS</b></td></tr>
<tr><td><b>Test method</b></td>
<td width="30%"><b>Exception</b></td>
<td width="10%"><b>Time (seconds)</b></td>
<td><b>Instance</b></td>
</tr>
<tr>
<td title='tests.demo.TestDemo.testTestNGSetUp()'><b>testTestNGSetUp</b><br>Test class: tests.demo.TestDemo<br/>
<a href="#Output-1713833639" onClick='toggleBox("Output-1713833639", this, "Show output", "Hide output");'>Show output</a>

<a href="#Output-1713833639" onClick="toggleAllBoxes();">Show all outputs</a>
<div class='log' id="Output-1713833639">
STEP - Opening Chrome Browser Successfully...<br/>
</div>
</td>
<td></td>
<td>31</td>
<td>tests.demo.TestDemo@46daef40</td></tr>
<tr>
<td title='tests.shopping.TestProductShopping.testAddProductToCompare()'><b>testAddProductToCompare</b><br>Test class: tests.shopping.TestProductShopping<br/>
<a href="#Output-641980258" onClick='toggleBox("Output-641980258", this, "Show output", "Hide output");'>Show output</a>

<a href="#Output-641980258" onClick="toggleAllBoxes();">Show all outputs</a>
<div class='log' id="Output-641980258">
STEP - Navigate to Magento Website Home Page.<br/>
STEP - Opening Chrome Browser Successfully...<br/>
Verified - Default Welcome Message is Displayed.<br/>
STEP - Choose Product Breathe-Easy Tank to see details<br/>
Verified - Product Name Displayed Correctly<br/>
STEP - Add Product to Compare List<br/>
Verified - Success Message is Displayed<br/>
STEP - Choose Product Hero Hoodie to see details<br/>
STEP - Returning back to Home Page...<br/>
Verified - Product Name Displayed Correctly<br/>
STEP - Add Product to Compare List<br/>
Verified - Success Message is Displayed<br/>
STEP - Go To Compare Product Page<br/>
Verified - Compare Product Page is Displayed<br/>
Verified - Comparison Details shown correctly for Hero Hoodie<br/>
Verified - Comparison Details shown correctly for Breathe Easy Tank<br/>
Verified - Comparison name shown correctly for Hero Hoodie<br/>
Verified - Comparison name shown correctly for Breathe Easy Tank<br/>
Verified - Comparison price shown correctly for Hero Hoodie<br/>
Verified - Comparison price shown correctly for Breathe Easy Tank<br/>
STEP - Clicking LUMA Logo to Return On Home Page...<br/>
STEP - Closing Browser Successfully...<br/>
</div>
</td>
<td></td>
<td>71</td>
<td>tests.shopping.TestProductShopping@76a3e297</td></tr>
<tr>
<td title='tests.shopping.TestProductShopping.testAddProductToCart()'><b>testAddProductToCart</b><br>Test class: tests.shopping.TestProductShopping<br/>
<a href="#Output-679613617" onClick='toggleBox("Output-679613617", this, "Show output", "Hide output");'>Show output</a>

<a href="#Output-679613617" onClick="toggleAllBoxes();">Show all outputs</a>
<div class='log' id="Output-679613617">
STEP - Navigate to Magento Website Home Page.<br/>
STEP - Opening Chrome Browser Successfully...<br/>
Verified - Default Welcome Message is Displayed.<br/>
STEP - Choose Product Radiant Tee to see details<br/>
Verified - Product Name Displayed Correctly<br/>
Verified - Price is Displayed<br/>
STEP - Select Size and Color for product<br/>
Verified - Success Message is Displayed<br/>
STEP - Closing Browser Successfully...<br/>
</div>
</td>
<td></td>
<td>50</td>
<td>tests.shopping.TestProductShopping@76a3e297</td></tr>
<tr>
<td title='tests.home.TestHomePage.testHomePageCategoryLinks()'><b>testHomePageCategoryLinks</b><br>Test class: tests.home.TestHomePage<br/>
<a href="#Output-1540894701" onClick='toggleBox("Output-1540894701", this, "Show output", "Hide output");'>Show output</a>

<a href="#Output-1540894701" onClick="toggleAllBoxes();">Show all outputs</a>
<div class='log' id="Output-1540894701">
STEP - Navigate to Magento Website Home Page.<br/>
STEP - Opening Chrome Browser Successfully...<br/>
Verified - Default Welcome Message is Displayed.<br/>
STEP - Validate Whats New Section<br/>
Verified - Page title Displayed Correctly<br/>
STEP - Validate Women Section<br/>
STEP - Returning back to Home Page...<br/>
Verified - Page title Displayed Correctly<br/>
STEP - Validate Men Section<br/>
STEP - Returning back to Home Page...<br/>
Verified - Page title Displayed Correctly<br/>
STEP - Validate Gear Section<br/>
STEP - Returning back to Home Page...<br/>
Verified - Page title Displayed Correctly<br/>
STEP - Validate Training Section<br/>
STEP - Returning back to Home Page...<br/>
Verified - Page title Displayed Correctly<br/>
STEP - Validate Sale Section<br/>
STEP - Returning back to Home Page...<br/>
Verified - Page title Displayed Correctly<br/>
STEP - Returning back to Home Page...<br/>
STEP - Closing Browser Successfully...<br/>
</div>
</td>
<td></td>
<td>69</td>
<td>tests.home.TestHomePage@3aeaafa6</td></tr>
<tr>
<td title='tests.home.TestHomePage.testEmailSubscription()'><b>testEmailSubscription</b><br>Test class: tests.home.TestHomePage<br/>
<a href="#Output-1868805237" onClick='toggleBox("Output-1868805237", this, "Show output", "Hide output");'>Show output</a>

<a href="#Output-1868805237" onClick="toggleAllBoxes();">Show all outputs</a>
<div class='log' id="Output-1868805237">
STEP - Navigate to Magento Website Home Page.<br/>
STEP - Opening Chrome Browser Successfully...<br/>
Verified - Default Welcome Message is Displayed.<br/>
STEP - Subscrition email without entering email.<br/>
Verified - Email Required error Message is Displayed<br/>
STEP - Subscrition email by entering existing email.<br/>
Verified - Error Message is Displayed<br/>
STEP - Subscrition email by entering new email.<br/>
Verified - Success Message is Displayed<br/>
STEP - Closing Browser Successfully...<br/>
</div>
</td>
<td></td>
<td>56</td>
<td>tests.home.TestHomePage@3aeaafa6</td></tr>
<tr>
<td title='tests.home.TestHomePage.testHomePageInformationLinks()'><b>testHomePageInformationLinks</b><br>Test class: tests.home.TestHomePage<br/>
<a href="#Output-2015261478" onClick='toggleBox("Output-2015261478", this, "Show output", "Hide output");'>Show output</a>

<a href="#Output-2015261478" onClick="toggleAllBoxes();">Show all outputs</a>
<div class='log' id="Output-2015261478">
STEP - Navigate to Magento Website Home Page.<br/>
STEP - Opening Chrome Browser Successfully...<br/>
Verified - Default Welcome Message is Displayed.<br/>
Verified - About us Page is Displayed.<br/>
Verified - Abous us Content is Displayed<br/>
STEP - Clicking LUMA Logo to Return On Home Page...<br/>
Verified - Customer Service Page is Displayed.<br/>
Verified - Customer Service Content is Displayed<br/>
STEP - Clicking LUMA Logo to Return On Home Page...<br/>
Verified - Search Terms Page is Displayed.<br/>
Verified - Search Content is Displayed<br/>
STEP - Clicking LUMA Logo to Return On Home Page...<br/>
Verified - Privacy Policy Page is Displayed.<br/>
Verified - Privacy Policy Content is Displayed<br/>
STEP - Clicking LUMA Logo to Return On Home Page...<br/>
Verified - Orders and Returns Page is Displayed.<br/>
STEP - Clicking LUMA Logo to Return On Home Page...<br/>
Verified - Advanced Search Page is Displayed.<br/>
STEP - Clicking LUMA Logo to Return On Home Page...<br/>
Verified - Contact Us Page is Displayed.<br/>
Verified - Contact Us Content is Displayed<br/>
STEP - Clicking LUMA Logo to Return On Home Page...<br/>
Verified - Copyrights mark is Displayed<br/>
STEP - Closing Browser Successfully...<br/>
</div>
</td>
<td></td>
<td>85</td>
<td>tests.home.TestHomePage@3aeaafa6</td></tr>
<tr>
<td title='tests.demo.TestDemo.testAutomationSetUp()'><b>testAutomationSetUp</b><br>Test class: tests.demo.TestDemo<br/>
<a href="#Output-21257599" onClick='toggleBox("Output-21257599", this, "Show output", "Hide output");'>Show output</a>

<a href="#Output-21257599" onClick="toggleAllBoxes();">Show all outputs</a>
<div class='log' id="Output-21257599">
STEP - Opening Chrome Browser Successfully...<br/>
</div>
</td>
<td></td>
<td>34</td>
<td>tests.demo.TestDemo@46daef40</td></tr>
<tr>
<td title='tests.shopping.TestProductShopping.testProductDetailsMoreInformationAndReviews()'><b>testProductDetailsMoreInformationAndReviews</b><br>Test class: tests.shopping.TestProductShopping<br/>
<a href="#Output-1403539444" onClick='toggleBox("Output-1403539444", this, "Show output", "Hide output");'>Show output</a>

<a href="#Output-1403539444" onClick="toggleAllBoxes();">Show all outputs</a>
<div class='log' id="Output-1403539444">
STEP - Navigate to Magento Website Home Page.<br/>
STEP - Opening Chrome Browser Successfully...<br/>
Verified - Default Welcome Message is Displayed.<br/>
STEP - Choose Product Breathe-Easy Tank to see details<br/>
Verified - Product Name Displayed Correctly<br/>
STEP - Validate Product Details<br/>
Verified - Product Details shown correctly for Fusion Backpack<br/>
STEP - Validate More Information<br/>
Verified - Product More Information shown correctly for Fusion Backpack<br/>
STEP - Validate Reviews<br/>
Verified - Product Review Section shown correctly for Fusion Backpack<br/>
STEP - Submit a Review<br/>
Verified - You are Reviewing Fusion Backpack<br/>
Verified - Review Submitted for Review Successfully<br/>
STEP - Returning back to Home Page...<br/>
STEP - Closing Browser Successfully...<br/>
</div>
</td>
<td></td>
<td>66</td>
<td>tests.shopping.TestProductShopping@76a3e297</td></tr>
<tr>
<td title='tests.home.TestHomePage.testLogInAuthenticatedUser()'><b>testLogInAuthenticatedUser</b><br>Test class: tests.home.TestHomePage<br/>
<a href="#Output-1311052922" onClick='toggleBox("Output-1311052922", this, "Show output", "Hide output");'>Show output</a>

<a href="#Output-1311052922" onClick="toggleAllBoxes();">Show all outputs</a>
<div class='log' id="Output-1311052922">
STEP - Navigate to Magento Website Home Page.<br/>
STEP - Opening Chrome Browser Successfully...<br/>
Verified - Default Welcome Message is Displayed.<br/>
STEP - Go to Customer Log In Page and Validate Authenicated User Log In.<br/>
Verified - Customer Log In Page is Displayed<br/>
STEP - Set username and Password<br/>
Verified - Logged In User Welcome Message is Displayed<br/>
STEP - Closing Browser Successfully...<br/>
</div>
</td>
<td></td>
<td>30</td>
<td>tests.home.TestHomePage@3aeaafa6</td></tr>
</table><p>
</body>
</html>